<?xml version="1.0" encoding="UTF-8"?>
<!-- Generated by org.testng.reporters.JUnitXMLReporter -->
<testsuite ignored="0" hostname="LAPTOP-RK4DV1OT" failures="0" tests="5" name="Default test" time="203.783" errors="0" timestamp="2021-08-30T23:45:21 IST">
  <testcase classname="MavenProject.FrameWork.MyntraLogin" name="NavigateLogin" time="28.519"/>
  <testcase classname="MavenProject.FrameWork.MyntraLogin" name="SelectandSort" time="49.639"/>
  <testcase classname="MavenProject.FrameWork.MyntraLogin" name="FilterandSelectProduct" time="52.287"/>
  <testcase classname="MavenProject.FrameWork.MyntraLogin" name="Size_AddCart" time="2.581"/>
  <testcase classname="MavenProject.FrameWork.MyntraLogin" name="MoveToWishlist" time="28.516"/>
</testsuite> <!-- Default test -->
