<?xml version="1.0" encoding="UTF-8"?>
<!-- Generated by org.testng.reporters.JUnitXMLReporter -->
<testsuite ignored="0" hostname="LAPTOP-RK4DV1OT" failures="0" tests="5" name="Testing" time="194.318" errors="0" timestamp="2021-08-30T23:35:35 IST">
  <testcase classname="MavenProject.FrameWork.MyntraLogin" name="NavigateLogin" time="26.938"/>
  <testcase classname="MavenProject.FrameWork.MyntraLogin" name="SelectandSort" time="25.954"/>
  <testcase classname="MavenProject.FrameWork.MyntraLogin" name="FilterandSelectProduct" time="50.282"/>
  <testcase classname="MavenProject.FrameWork.MyntraLogin" name="Size_AddCart" time="2.406"/>
  <testcase classname="MavenProject.FrameWork.MyntraLogin" name="MoveToWishlist" time="22.994"/>
</testsuite> <!-- Testing -->
