<?xml version="1.0" encoding="UTF-8"?>
<testsuite xmlns:xsi="http://www.w3.org/2001/XMLSchema-instance" xsi:noNamespaceSchemaLocation="https://maven.apache.org/surefire/maven-surefire-plugin/xsd/surefire-test-report-3.0.xsd" version="3.0" name="TestSuite" time="221.559" tests="5" errors="0" skipped="0" failures="1">
  <properties>
[...]
</properties>
  <testcase name="NavigateLogin[7798993710, Saanika@100](1)" classname="MavenProject.FrameWork.MyntraLogin" time="28.689">
    <system-out><![CDATA[Browserchrome
Teststart
Test # 1
]]></system-out>
    <system-err><![CDATA[Starting ChromeDriver 92.0.4515.43 (8c61b7e2989f2990d42f859cac71319137787cce-refs/branch-heads/4515@{#306}) on port 32594
Only local connections are allowed.
Please see https://chromedriver.chromium.org/security-considerations for suggestions on keeping ChromeDriver safe.
ChromeDriver was started successfully.
Aug 30, 2021 12:42:45 AM org.openqa.selenium.remote.ProtocolHandshake createSession
INFO: Detected dialect: W3C
Aug 30, 2021 12:42:46 AM org.openqa.selenium.devtools.CdpVersionFinder findNearestMatch
WARNING: Unable to find an exact match for CDP version 92, so returning the closest version found: 91
Aug 30, 2021 12:42:46 AM org.openqa.selenium.devtools.CdpVersionFinder findNearestMatch
INFO: Found CDP implementation for version 92 of 91
]]></system-err>
  </testcase>
  <testcase name="SelectandSort" classname="MavenProject.FrameWork.MyntraLogin" time="28.595">
    <system-out><![CDATA[Testsuccess
Teststart
Test # 2
Before
After
After 1
Links Count is :6
Text:What's New
HTML:<input type="radio" value="new"><!-- react-text: 303 -->What's New<!-- /react-text -->
]]></system-out>
  </testcase>
  <testcase name="FilterandSelectProduct" classname="MavenProject.FrameWork.MyntraLogin" time="53.8">
    <system-out><![CDATA[Testsuccess
Teststart
Test # 3
Links2 Count is :8
Text:Roadster(401)
HTML:<input type="checkbox" value="Roadster"><!-- react-text: 44 -->Roadster<!-- /react-text --><span class="brand-num"><!-- react-text: 46 -->(<!-- /react-text --><!-- react-text: 47 -->401<!-- /react-text --><!-- react-text: 48 -->)<!-- /react-text --></span><div class="common-checkboxIndicator"></div>
Price List Count is :4
Price :Rs. 424 to Rs. 4318(3876)
Price :Rs. 841 to Rs. 1228(152)
Price :Rs. 1228 to Rs. 1615(44)
Price :Rs. 1615 to Rs. 2002(3)
Discount Count is :5
Text:20% and above
Product List Count is :50
Product :NEW SEASON
Product :NEW SEASON
Product :NEW SEASON
Parent:- Sweaters for Men - Buy Mens Sweaters, Woollen Sweaters Online - Myntra
Child:- Sweaters for Men - Buy Mens Sweaters, Woollen Sweaters Online - Myntra
Sweaters for Men - Buy Mens Sweaters, Woollen Sweaters Online - Myntra
Child:- Buy Roadster Men Navy Blue & White Striped Pullover - Sweaters for Men 14319978 | Myntra
Buy Roadster Men Navy Blue & White Striped Pullover - Sweaters for Men 14319978 | Myntra
]]></system-out>
  </testcase>
  <testcase name="Size_AddCart" classname="MavenProject.FrameWork.MyntraLogin" time="3.269">
    <failure message="element click intercepted: Element &lt;p class=&quot;size-buttons-unified-size&quot;&gt;...&lt;/p&gt; is not clickable at point (832, 369). Other element would receive the click: &lt;span class=&quot;size-buttons-size-strike-show&quot;&gt;&lt;/span&gt;&#10;  (Session info: chrome=92.0.4515.159)&#10;Build info: version: &apos;4.0.0-beta-4&apos;, revision: &apos;29f46d02dd&apos;&#10;System info: host: &apos;LAPTOP-RK4DV1OT&apos;, ip: &apos;192.168.0.104&apos;, os.name: &apos;Windows 10&apos;, os.arch: &apos;amd64&apos;, os.version: &apos;10.0&apos;, java.version: &apos;1.8.0_301&apos;&#10;Driver info: org.openqa.selenium.chrome.ChromeDriver&#10;Command: [fde8d80272a943322d950ff4c992cd8f, clickElement {id=165a9c66-d4c3-409d-8309-06abe237eb3d}]&#10;Capabilities {acceptInsecureCerts: false, browserName: chrome, browserVersion: 92.0.4515.159, chrome: {chromedriverVersion: 92.0.4515.43 (8c61b7e2989f2..., userDataDir: C:\Users\samee\AppData\Loca...}, goog:chromeOptions: {debuggerAddress: localhost:64746}, javascriptEnabled: true, networkConnectionEnabled: false, pageLoadStrategy: normal, platform: WINDOWS, platformName: WINDOWS, proxy: Proxy(), se:cdp: ws://localhost:64746/devtoo..., se:cdpVersion: 92.0.4515.159, setWindowRect: true, strictFileInteractability: false, timeouts: {implicit: 0, pageLoad: 300000, script: 30000}, unhandledPromptBehavior: dismiss and notify, webauthn:extension:credBlob: true, webauthn:extension:largeBlob: true, webauthn:virtualAuthenticators: true}&#10;Element: [[ChromeDriver: chrome on WINDOWS (fde8d80272a943322d950ff4c992cd8f)] -&gt; xpath: //p[@class=&apos;size-buttons-unified-size&apos;]]&#10;Session ID: fde8d80272a943322d950ff4c992cd8f" type="org.openqa.selenium.ElementClickInterceptedException"><![CDATA[org.openqa.selenium.ElementClickInterceptedException: 
element click intercepted: Element <p class="size-buttons-unified-size">...</p> is not clickable at point (832, 369). Other element would receive the click: <span class="size-buttons-size-strike-show"></span>
  (Session info: chrome=92.0.4515.159)
Build info: version: '4.0.0-beta-4', revision: '29f46d02dd'
System info: host: 'LAPTOP-RK4DV1OT', ip: '192.168.0.104', os.name: 'Windows 10', os.arch: 'amd64', os.version: '10.0', java.version: '1.8.0_301'
Driver info: org.openqa.selenium.chrome.ChromeDriver
Command: [fde8d80272a943322d950ff4c992cd8f, clickElement {id=165a9c66-d4c3-409d-8309-06abe237eb3d}]
Capabilities {acceptInsecureCerts: false, browserName: chrome, browserVersion: 92.0.4515.159, chrome: {chromedriverVersion: 92.0.4515.43 (8c61b7e2989f2..., userDataDir: C:\Users\samee\AppData\Loca...}, goog:chromeOptions: {debuggerAddress: localhost:64746}, javascriptEnabled: true, networkConnectionEnabled: false, pageLoadStrategy: normal, platform: WINDOWS, platformName: WINDOWS, proxy: Proxy(), se:cdp: ws://localhost:64746/devtoo..., se:cdpVersion: 92.0.4515.159, setWindowRect: true, strictFileInteractability: false, timeouts: {implicit: 0, pageLoad: 300000, script: 30000}, unhandledPromptBehavior: dismiss and notify, webauthn:extension:credBlob: true, webauthn:extension:largeBlob: true, webauthn:virtualAuthenticators: true}
Element: [[ChromeDriver: chrome on WINDOWS (fde8d80272a943322d950ff4c992cd8f)] -> xpath: //p[@class='size-buttons-unified-size']]
Session ID: fde8d80272a943322d950ff4c992cd8f
	at MavenProject.FrameWork.MyntraLogin.Size_AddCart(MyntraLogin.java:210)
]]></failure>
    <system-out><![CDATA[Testsuccess
Teststart
Test # 4
Siz List Count is :5
Size Text :XS
]]></system-out>
  </testcase>
  <testcase name="MoveToWishlist" classname="MavenProject.FrameWork.MyntraLogin" time="28.953">
    <system-out><![CDATA[TestFailure
Teststart
Test # 5
Open Cart
Move to Wishlist->
Wish Text 1 :MOVE TO WISHLIST
Test Ended Successfully
]]></system-out>
  </testcase>
</testsuite>